<?xml version="1.0" encoding="UTF-8"?>
<testng-results ignored="0" total="1" passed="1" failed="0" skipped="0">
  <reporter-output>
  </reporter-output>
  <suite started-at="2023-08-20T19:56:26 IST" name="Suite" finished-at="2023-08-20T19:57:18 IST" duration-ms="52546">
    <groups>
    </groups>
    <test started-at="2023-08-20T19:56:26 IST" name="Test" finished-at="2023-08-20T19:57:18 IST" duration-ms="52546">
      <class name="automationtests.SeleniumTest1">
        <test-method signature="m1()[pri:0, instance:automationtests.SeleniumTest1@2eae8e6e]" started-at="2023-08-20T19:56:26 IST" name="m1" finished-at="2023-08-20T19:57:18 IST" duration-ms="52359" status="PASS">
          <reporter-output>
          </reporter-output>
        </test-method> <!-- m1 -->
      </class> <!-- automationtests.SeleniumTest1 -->
    </test> <!-- Test -->
  </suite> <!-- Suite -->
</testng-results>
